<?xml version="1.0" encoding="UTF-8"?>
<!-- Generated by org.testng.reporters.JUnitXMLReporter -->
<testsuite hostname="HariRam" ignored="0" name="Command line test" tests="7" failures="0" timestamp="2023-05-14T23:42:03 AEST" time="42.046" errors="0">
  <testcase name="FormSubmissionTest" time="7.937" classname="quickstart.Tests.TestCases"/>
  <testcase name="FormSubmissionTest" time="9.394" classname="quickstart.Tests.TestCases"/>
  <testcase name="FormSubmissionTest" time="7.519" classname="quickstart.Tests.TestCases"/>
  <testcase name="FormSubmissionTest" time="3.693" classname="quickstart.Tests.TestCases"/>
  <testcase name="FormSubmissionTest" time="3.654" classname="quickstart.Tests.TestCases"/>
  <testcase name="contactFormErrorValidation" time="1.9" classname="quickstart.Tests.TestCases"/>
  <testcase name="testCase3" time="2.61" classname="quickstart.Tests.TestCases"/>
</testsuite> <!-- Command line test -->
