<?xml version="1.0" encoding="UTF-8"?>
<!-- Generated by org.testng.reporters.JUnitXMLReporter -->
<testsuite hostname="HariRam" ignored="0" name="Command line test" tests="7" failures="0" timestamp="2023-05-15T00:30:40 AEST" time="44.864" errors="0">
  <testcase name="FormSubmissionTest" time="3.311" classname="quickstart.Tests.TestCases"/>
  <testcase name="FormSubmissionTest" time="5.728" classname="quickstart.Tests.TestCases"/>
  <testcase name="FormSubmissionTest" time="6.792" classname="quickstart.Tests.TestCases"/>
  <testcase name="FormSubmissionTest" time="2.066" classname="quickstart.Tests.TestCases"/>
  <testcase name="FormSubmissionTest" time="5.085" classname="quickstart.Tests.TestCases"/>
  <testcase name="contactFormErrorValidation" time="1.997" classname="quickstart.Tests.TestCases"/>
  <testcase name="testCase3" time="2.479" classname="quickstart.Tests.TestCases"/>
</testsuite> <!-- Command line test -->
