<?xml version="1.0" encoding="UTF-8" ?>
<testsuite tests="7" failures="0" name="TestSuite" time="36.723" errors="0" skipped="0">
  <properties>
[...]
</properties>
  <testcase classname="quickstart.Tests.TestCases" name="FormSubmissionTest" time="7.936"/>
  <testcase classname="quickstart.Tests.TestCases" name="FormSubmissionTest" time="9.411"/>
  <testcase classname="quickstart.Tests.TestCases" name="FormSubmissionTest" time="7.519"/>
  <testcase classname="quickstart.Tests.TestCases" name="FormSubmissionTest" time="3.693"/>
  <testcase classname="quickstart.Tests.TestCases" name="FormSubmissionTest" time="3.654"/>
  <testcase classname="quickstart.Tests.TestCases" name="contactFormErrorValidation" time="1.9"/>
  <testcase classname="quickstart.Tests.TestCases" name="testCase3" time="2.61"/>
</testsuite>